2026-07-06T16:27:37Z INF Thank you for trying Cloudflare Tunnel. Doing so, without a Cloudflare account, is a quick way to experiment and try it out. However, be aware that these account-less Tunnels have no uptime guarantee, are subject to the Cloudflare Online Services Terms of Use (https://www.cloudflare.com/website-terms/), and Cloudflare reserves the right to investigate your use of Tunnels for violations of such terms. If you intend to use Tunnels in production you should use a pre-created named tunnel by following: https://developers.cloudflare.com/cloudflare-one/connections/connect-apps
2026-07-06T16:27:37Z INF Requesting new quick Tunnel on trycloudflare.com...
2026-07-06T16:27:42Z INF +--------------------------------------------------------------------------------------------+
2026-07-06T16:27:42Z INF |  Your quick Tunnel has been created! Visit it at (it may take some time to be reachable):  |
2026-07-06T16:27:42Z INF |  https://newbie-alfred-sets-town.trycloudflare.com                                         |
2026-07-06T16:27:42Z INF +--------------------------------------------------------------------------------------------+
2026-07-06T16:27:42Z INF Cannot determine default configuration path. No file [config.yml config.yaml] in [~/.cloudflared ~/.cloudflare-warp ~/cloudflare-warp]
2026-07-06T16:27:42Z INF Version 2026.6.1 (Checksum 5253e66f1f493c4e13539749f1aa86fd0c61e3072900fec29a44ba046a6d97e2)
2026-07-06T16:27:42Z INF GOOS: windows, GOVersion: go1.26.4, GoArch: amd64
2026-07-06T16:27:42Z INF Settings: map[ha-connections:1 protocol:quic url:http://localhost:3000]
2026-07-06T16:27:42Z INF cloudflared will not automatically update on Windows systems.
2026-07-06T16:27:42Z INF Generated Connector ID: 71c6dabd-e622-415a-b013-e7fe36a75e0c
2026-07-06T16:27:42Z INF Initial protocol quic
2026-07-06T16:27:42Z INF ICMP proxy will use 192.168.1.130 as source for IPv4
2026-07-06T16:27:42Z INF ICMP proxy will use fe80::1b2c:ec3f:f93f:4a9d in zone Wi-Fi as source for IPv6
2026-07-06T16:27:43Z INF cloudflared does not support loading the system root certificate pool on Windows. Please use --origin-ca-pool <PATH> to specify the path to the certificate pool
2026-07-06T16:27:43Z INF ICMP proxy will use 192.168.1.130 as source for IPv4
2026-07-06T16:27:43Z INF Tunnel connection curve preferences: [X25519MLKEM768 CurveID(65074) CurveP256] connIndex=0 event=0 ip=198.41.200.43
2026-07-06T16:27:43Z INF ICMP proxy will use fe80::1b2c:ec3f:f93f:4a9d in zone Wi-Fi as source for IPv6
2026-07-06T16:27:43Z INF Starting metrics server on 127.0.0.1:20241/metrics
2026-07-06T16:27:43Z INF +-------------------------------------------------------------------------------------+
2026-07-06T16:27:43Z INF |                               CONNECTIVITY PRE-CHECKS                               |
2026-07-06T16:27:43Z INF +-------------------------------------------------------------------------------------+
2026-07-06T16:27:43Z INF |  COMPONENT         TARGET                     STATUS  DETAILS                       |
2026-07-06T16:27:43Z INF |  DNS Resolution    region1.v2.argotunnel.com  PASS    DNS Resolved successfully     |
2026-07-06T16:27:43Z INF |  DNS Resolution    region2.v2.argotunnel.com  PASS    DNS Resolved successfully     |
2026-07-06T16:27:43Z INF |  UDP Connectivity  region1.v2.argotunnel.com  PASS    QUIC connection successful    |
2026-07-06T16:27:43Z INF |  UDP Connectivity  region2.v2.argotunnel.com  PASS    QUIC connection successful    |
2026-07-06T16:27:43Z INF |  TCP Connectivity  region1.v2.argotunnel.com  PASS    HTTP/2 connection successful  |
2026-07-06T16:27:43Z INF |  TCP Connectivity  region2.v2.argotunnel.com  PASS    HTTP/2 connection successful  |
2026-07-06T16:27:43Z INF |  Cloudflare API    api.cloudflare.com:443     PASS    API is reachable              |
2026-07-06T16:27:43Z INF |                                                                                     |
2026-07-06T16:27:43Z INF |  SUMMARY: Environment is healthy. cloudflared will use 'quic' as primary protocol.  |
2026-07-06T16:27:43Z INF +-------------------------------------------------------------------------------------+
2026-07-06T16:27:43Z INF precheck component="DNS Resolution" details="DNS Resolved successfully" run_id=bd152ca2-ed03-46e6-9558-ad0bb5ca7baf status=pass target=region1.v2.argotunnel.com
2026-07-06T16:27:43Z INF precheck component="DNS Resolution" details="DNS Resolved successfully" run_id=bd152ca2-ed03-46e6-9558-ad0bb5ca7baf status=pass target=region2.v2.argotunnel.com
2026-07-06T16:27:43Z INF precheck component="UDP Connectivity" details="QUIC connection successful" run_id=bd152ca2-ed03-46e6-9558-ad0bb5ca7baf status=pass target=region1.v2.argotunnel.com
2026-07-06T16:27:43Z INF precheck component="UDP Connectivity" details="QUIC connection successful" run_id=bd152ca2-ed03-46e6-9558-ad0bb5ca7baf status=pass target=region2.v2.argotunnel.com
2026-07-06T16:27:43Z INF precheck component="TCP Connectivity" details="HTTP/2 connection successful" run_id=bd152ca2-ed03-46e6-9558-ad0bb5ca7baf status=pass target=region1.v2.argotunnel.com
2026-07-06T16:27:43Z INF precheck component="TCP Connectivity" details="HTTP/2 connection successful" run_id=bd152ca2-ed03-46e6-9558-ad0bb5ca7baf status=pass target=region2.v2.argotunnel.com
2026-07-06T16:27:43Z INF precheck component="Cloudflare API" details="API is reachable" run_id=bd152ca2-ed03-46e6-9558-ad0bb5ca7baf status=pass target=api.cloudflare.com:443
2026-07-06T16:27:43Z INF precheck complete hard_fail=false run_id=bd152ca2-ed03-46e6-9558-ad0bb5ca7baf suggested_protocol=quic
2026-07-06T16:27:43Z INF Registered tunnel connection connIndex=0 connection=9d811367-966b-43ef-87a5-2b744f295dd2 event=0 ip=198.41.200.43 location=mrs06 protocol=quic
2026-07-06T16:32:48Z ERR Failed to refresh DNS local resolver error="lookup region1.v2.argotunnel.com: i/o timeout"
2026-07-06T16:37:53Z ERR Failed to refresh DNS local resolver error="lookup region1.v2.argotunnel.com: i/o timeout"
2026-07-06T16:47:58Z ERR Failed to refresh DNS local resolver error="lookup region1.v2.argotunnel.com: i/o timeout"
